app/build/intermediates/manifest_merge_blame_file/debug/manifest-merger-blame-debug-report.txt
1<?xml version="1.0" encoding="utf-8"?>
2<manifest xmlns:android="http://schemas.android.com/apk/res/android"
3    package="com.droid_app_dev.serialtoolcommunication"
4    android:versionCode="1"
5    android:versionName="1.0" >
6
7    <uses-sdk
8        android:minSdkVersion="15"
8-->src\main\AndroidManifest.xml
9        android:targetSdkVersion="22" />
9-->src\main\AndroidManifest.xml
10
11    <uses-permission android:name="android.permission.READ_EXTERNAL_STORAGE" />
11-->src\main\AndroidManifest.xml:6:5-80
11-->src\main\AndroidManifest.xml:6:22-77
12    <uses-permission android:name="android.permission.READ_EXTERNAL_STORAGE" />
12-->src\main\AndroidManifest.xml:6:5-80
12-->src\main\AndroidManifest.xml:6:22-77
13    <uses-permission android:name="android.permission.WRITE_EXTERNAL_STORAGE" />
13-->[ru.bartwell:exfilepicker:2.1] AndroidManifest.xml:12:5-81
13-->[ru.bartwell:exfilepicker:2.1] AndroidManifest.xml:12:22-78
14
15    <application
15-->src\main\AndroidManifest.xml:10:5-37:19
16        android:name="com.droid_app_dev.serialportcommunication.App"
16-->src\main\AndroidManifest.xml:11:9-69
17        android:allowBackup="true"
17-->src\main\AndroidManifest.xml:12:9-35
18        android:appComponentFactory="androidx.core.app.CoreComponentFactory"
18-->[androidx.core:core:1.3.0] AndroidManifest.xml:24:18-86
19        android:debuggable="true"
20        android:icon="@mipmap/ic_launcher"
20-->src\main\AndroidManifest.xml:13:9-43
21        android:label="@string/app_name"
21-->src\main\AndroidManifest.xml:14:9-41
22        android:roundIcon="@mipmap/ic_launcher_round"
22-->src\main\AndroidManifest.xml:15:9-54
23        android:supportsRtl="true"
23-->src\main\AndroidManifest.xml:16:9-35
24        android:testOnly="true"
25        android:theme="@style/AppTheme" >
25-->src\main\AndroidManifest.xml:17:9-40
26        <activity
26-->src\main\AndroidManifest.xml:19:9-29:20
27            android:name="com.droid_app_dev.serialportcommunication.activity.MainActivity"
27-->src\main\AndroidManifest.xml:20:13-91
28            android:screenOrientation="landscape"
28-->src\main\AndroidManifest.xml:21:13-50
29            android:theme="@style/AppThemeNoActionBar"
29-->src\main\AndroidManifest.xml:22:13-55
30            android:windowSoftInputMode="stateHidden|stateUnchanged" >
30-->src\main\AndroidManifest.xml:23:13-69
31            <intent-filter>
31-->src\main\AndroidManifest.xml:24:13-28:29
32                <action android:name="android.intent.action.MAIN" />
32-->src\main\AndroidManifest.xml:25:17-69
32-->src\main\AndroidManifest.xml:25:25-66
33
34                <category android:name="android.intent.category.LAUNCHER" />
34-->src\main\AndroidManifest.xml:27:17-77
34-->src\main\AndroidManifest.xml:27:27-74
35            </intent-filter>
36        </activity>
37        <activity
37-->src\main\AndroidManifest.xml:31:9-35:20
38            android:name="com.droid_app_dev.serialportcommunication.activity.LoadCmdListActivity"
38-->src\main\AndroidManifest.xml:31:19-104
39            android:screenOrientation="landscape" >
39-->src\main\AndroidManifest.xml:32:13-50
40        </activity>
41        <activity
41-->[ru.bartwell:exfilepicker:2.1] AndroidManifest.xml:15:9-17:61
42            android:name="ru.bartwell.exfilepicker.ui.activity.ExFilePickerActivity"
42-->[ru.bartwell:exfilepicker:2.1] AndroidManifest.xml:16:13-85
43            android:theme="@style/ExFilePickerThemeLight" />
43-->[ru.bartwell:exfilepicker:2.1] AndroidManifest.xml:17:13-58
44    </application>
45
46</manifest>